[24 Oct 2017 16:02:36] DEBUG Executing SQL script
[24 Oct 2017 16:02:36] INFO ================================================================================
[24 Oct 2017 16:02:36] INFO outputPath= '/Users/riftadi/Documents/TUD Workdir/Web ScEng/WebRatio/IFML17-18/.Temp~/UpdateSQL.xml'
[24 Oct 2017 16:02:36] INFO onError= 'stop'
[24 Oct 2017 16:02:36] INFO statementSeparator= ';'
[24 Oct 2017 16:02:36] INFO derby.system.home= '/Users/riftadi/Documents/TUD Workdir/Web ScEng/WebRatio/.metadata/.plugins/com.webratio.commons.db/derby'
[24 Oct 2017 16:02:36] INFO password= ''
[24 Oct 2017 16:02:36] INFO url= 'jdbc:postgresql://localhost:5432/ifml1718'
[24 Oct 2017 16:02:36] INFO username= 'postgres'
[24 Oct 2017 16:02:36] INFO autoCommit= 'false'
[24 Oct 2017 16:02:36] INFO outputLogPath= '/Users/riftadi/Documents/TUD Workdir/Web ScEng/WebRatio/IFML17-18/.Temp~/UpdateSQL.xml.log'
[24 Oct 2017 16:02:36] INFO driverClass= 'org.postgresql.Driver'
[24 Oct 2017 16:02:36] INFO encoding= ''
[24 Oct 2017 16:02:36] INFO eventSocketPort= '54332'
[24 Oct 2017 16:02:36] INFO sqlScript= '/Users/riftadi/Documents/TUD Workdir/Web ScEng/WebRatio/IFML17-18/.Temp~/UpdateSQL.sql'
[24 Oct 2017 16:02:36] INFO ================================================================================
[24 Oct 2017 16:02:36] INFO Connecting to the Database...
[24 Oct 2017 16:02:36] INFO Database connection estabilished
[24 Oct 2017 16:02:36] INFO transaction isolation: 2
[24 Oct 2017 16:02:36] DEBUG ================================================================================
[24 Oct 2017 16:02:36] DEBUG Executing SQL script file: /Users/riftadi/Documents/TUD Workdir/Web ScEng/WebRatio/IFML17-18/.Temp~/UpdateSQL.sql
[24 Oct 2017 16:02:36] DEBUG Executing statement:  alter table "public"."publications"  add column  "ispdfpublic"  bool
[24 Oct 2017 16:02:36] DEBUG ================================================================================
[24 Oct 2017 16:02:36] DEBUG SQL SCRIPT SUCCESSFULLY EXECUTED
[24 Oct 2017 16:02:36] INFO Database connection closed
[24 Oct 2017 16:02:36] DEBUG Total time: 256 milliseconds
